<?xml version="1.0" encoding="UTF-8"?>
<!-- Generated by org.testng.reporters.JUnitReportReporter -->
<testsuite hostname="HUCHAN3" name="com.hp.baserunner.EmailReporter" tests="1" failures="0" timestamp="13 Jul 2013 12:22:02 GMT" time="13.916" errors="0">
  <testcase name="sendEmail" time="13.916" classname="com.hp.baserunner.EmailReporter"/>
</testsuite> <!-- com.hp.baserunner.EmailReporter -->
