<?xml version="1.0" encoding="UTF-8"?>
<!-- Generated by org.testng.reporters.JUnitReportReporter -->
<testsuite hostname="HUCHAN3" name="com.myexception.ExceptionTesterTest" tests="1" failures="0" timestamp="21 Apr 2014 03:15:08 GMT" time="0.021" errors="0">
  <testcase name="tryException" time="0.021" classname="com.myexception.ExceptionTesterTest"/>
</testsuite> <!-- com.myexception.ExceptionTesterTest -->
