<?xml version="1.0" encoding="UTF-8"?>
<!-- Generated by org.testng.reporters.JUnitReportReporter -->
<testsuite hostname="HUCHAN3" name="com.basic.MyAddTest" tests="1" failures="0" timestamp="21 Apr 2014 08:53:50 GMT" time="0.010" errors="0">
  <testcase name="add" time="0.010" classname="com.basic.MyAddTest"/>
</testsuite> <!-- com.basic.MyAddTest -->
