<?xml version="1.0" encoding="UTF-8"?>
<!-- Generated by org.testng.reporters.JUnitReportReporter -->
<testsuite hostname="HUCHAN3" name="com.mystring.StringOperationTest" tests="1" failures="0" timestamp="21 Apr 2014 07:55:56 GMT" time="0.011" errors="0">
  <testcase name="splitString" time="0.011" classname="com.mystring.StringOperationTest"/>
</testsuite> <!-- com.mystring.StringOperationTest -->
