<?xml version="1.0" encoding="UTF-8"?>
<!-- Generated by org.testng.reporters.JUnitReportReporter -->
<testsuite hostname="HUCHAN3" name="com.mynumber.NumberTesterTest" tests="4" failures="0" timestamp="21 Apr 2014 05:44:11 GMT" time="0.018" errors="0">
  <testcase name="minNumber" time="0.001" classname="com.mynumber.NumberTesterTest"/>
  <testcase name="maxNumber" time="0.001" classname="com.mynumber.NumberTesterTest"/>
  <testcase name="roud" time="0.001" classname="com.mynumber.NumberTesterTest"/>
  <testcase name="getRandomNumber" time="0.015" classname="com.mynumber.NumberTesterTest"/>
</testsuite> <!-- com.mynumber.NumberTesterTest -->
