<?xml version="1.0" encoding="UTF-8"?>
<!-- Generated by org.testng.reporters.JUnitReportReporter -->
<testsuite hostname="HUCHAN3" name="com.thread.MyThread2Test" tests="2" failures="0" timestamp="21 Apr 2014 06:10:39 GMT" time="0.019" errors="0">
  <testcase name="runThread" time="0.002" classname="com.thread.MyThread2Test"/>
  <testcase name="runRunnable" time="0.017" classname="com.thread.MyThread2Test"/>
</testsuite> <!-- com.thread.MyThread2Test -->
