<?xml version="1.0" encoding="UTF-8"?>
<!-- Generated by org.testng.reporters.JUnitReportReporter -->
<testsuite hostname="HUCHAN3" name="com.mystring.MyStringBufferTest" tests="1" failures="0" timestamp="21 Apr 2014 06:49:06 GMT" time="0.009" errors="0">
  <testcase name="f" time="0.009" classname="com.mystring.MyStringBufferTest"/>
</testsuite> <!-- com.mystring.MyStringBufferTest -->
