<?xml version="1.0" encoding="UTF-8"?>
<!-- Generated by org.testng.reporters.JUnitReportReporter -->
<testsuite hostname="HUCHAN3" name="com.myorder.MyBubbleSortTest" tests="1" failures="0" timestamp="21 Apr 2014 02:54:48 GMT" time="0.064" errors="0">
  <testcase name="sortUp" time="0.064" classname="com.myorder.MyBubbleSortTest"/>
</testsuite> <!-- com.myorder.MyBubbleSortTest -->
