<?xml version="1.0" encoding="UTF-8"?>
<!-- Generated by org.testng.reporters.JUnitReportReporter -->
<testsuite hostname="HUCHAN3" name="com.myrecursion.RecursionTest" tests="1" failures="0" timestamp="21 Apr 2014 04:58:57 GMT" time="0.041" errors="0">
  <testcase name="fb" time="0.041" classname="com.myrecursion.RecursionTest"/>
</testsuite> <!-- com.myrecursion.RecursionTest -->
